2024-03-13T19:17:39+0000 [-] Loading /usr/local/gov_glance_spiders/govglance_spiders-env/lib/python3.11/site-packages/scrapyd/txapp.py...
2024-03-13T19:17:39+0000 [-] Basic authentication disabled as either `username` or `password` is unset
2024-03-13T19:17:39+0000 [-] Scrapyd web console available at http://127.0.0.1:6800/
2024-03-13T19:17:39+0000 [-] Loaded.
2024-03-13T19:17:39+0000 [twisted.scripts._twistd_unix.UnixAppLogger#info] twistd 22.10.0 (/usr/local/gov_glance_spiders/govglance_spiders-env/bin/python3 3.11.6) starting up.
2024-03-13T19:17:39+0000 [twisted.scripts._twistd_unix.UnixAppLogger#info] reactor class: twisted.internet.epollreactor.EPollReactor.
2024-03-13T19:17:39+0000 [stderr#error] Traceback (most recent call last):
2024-03-13T19:17:39+0000 [stderr#error]   File "/usr/local/gov_glance_spiders/govglance_spiders-env/lib/python3.11/site-packages/twisted/internet/tcp.py", line 1334, in startListening
2024-03-13T19:17:39+0000 [stderr#error]     skt.bind(addr)
2024-03-13T19:17:39+0000 [stderr#error] OSError: [Errno 98] Address already in use
2024-03-13T19:17:39+0000 [stderr#error] During handling of the above exception, another exception occurred:
2024-03-13T19:17:39+0000 [stderr#error] Traceback (most recent call last):
2024-03-13T19:17:39+0000 [stderr#error]   File "/usr/local/gov_glance_spiders/govglance_spiders-env/bin/scrapyd", line 8, in <module>
2024-03-13T19:17:39+0000 [stderr#error]     sys.exit(main())
2024-03-13T19:17:39+0000 [stderr#error]              ^^^^^^
2024-03-13T19:17:39+0000 [stderr#error]   File "/usr/local/gov_glance_spiders/govglance_spiders-env/lib/python3.11/site-packages/scrapyd/scripts/scrapyd_run.py", line 18, in main
2024-03-13T19:17:39+0000 [stderr#error]     run()
2024-03-13T19:17:39+0000 [stderr#error]   File "/usr/local/gov_glance_spiders/govglance_spiders-env/lib/python3.11/site-packages/twisted/scripts/twistd.py", line 35, in run
2024-03-13T19:17:39+0000 [stderr#error]     app.run(runApp, ServerOptions)
2024-03-13T19:17:39+0000 [stderr#error]   File "/usr/local/gov_glance_spiders/govglance_spiders-env/lib/python3.11/site-packages/twisted/application/app.py", line 674, in run
2024-03-13T19:17:39+0000 [stderr#error]     runApp(config)
2024-03-13T19:17:39+0000 [stderr#error]   File "/usr/local/gov_glance_spiders/govglance_spiders-env/lib/python3.11/site-packages/twisted/scripts/twistd.py", line 29, in runApp
2024-03-13T19:17:39+0000 [stderr#error]     runner.run()
2024-03-13T19:17:39+0000 [stderr#error]   File "/usr/local/gov_glance_spiders/govglance_spiders-env/lib/python3.11/site-packages/twisted/application/app.py", line 374, in run
2024-03-13T19:17:39+0000 [stderr#error]     self.postApplication()
2024-03-13T19:17:39+0000 [stderr#error]   File "/usr/local/gov_glance_spiders/govglance_spiders-env/lib/python3.11/site-packages/twisted/scripts/_twistd_unix.py", line 254, in postApplication
2024-03-13T19:17:39+0000 [stderr#error]     self.startApplication(self.application)
2024-03-13T19:17:39+0000 [stderr#error]   File "/usr/local/gov_glance_spiders/govglance_spiders-env/lib/python3.11/site-packages/twisted/scripts/_twistd_unix.py", line 444, in startApplication
2024-03-13T19:17:39+0000 [stderr#error]     service.IService(application).privilegedStartService()
2024-03-13T19:17:39+0000 [stderr#error]   File "/usr/local/gov_glance_spiders/govglance_spiders-env/lib/python3.11/site-packages/twisted/application/service.py", line 271, in privilegedStartService
2024-03-13T19:17:39+0000 [stderr#error]     service.privilegedStartService()
2024-03-13T19:17:39+0000 [stderr#error]   File "/usr/local/gov_glance_spiders/govglance_spiders-env/lib/python3.11/site-packages/twisted/application/internet.py", line 115, in privilegedStartService
2024-03-13T19:17:39+0000 [stderr#error]     self._port = self._getPort()
2024-03-13T19:17:39+0000 [stderr#error]                  ^^^^^^^^^^^^^^^
2024-03-13T19:17:39+0000 [stderr#error]   File "/usr/local/gov_glance_spiders/govglance_spiders-env/lib/python3.11/site-packages/twisted/application/internet.py", line 139, in _getPort
2024-03-13T19:17:39+0000 [stderr#error]     return getattr(
2024-03-13T19:17:39+0000 [stderr#error]            ^^^^^^^^
2024-03-13T19:17:39+0000 [stderr#error]   File "/usr/local/gov_glance_spiders/govglance_spiders-env/lib/python3.11/site-packages/twisted/internet/posixbase.py", line 369, in listenTCP
2024-03-13T19:17:39+0000 [stderr#error]     p.startListening()
2024-03-13T19:17:39+0000 [stderr#error]   File "/usr/local/gov_glance_spiders/govglance_spiders-env/lib/python3.11/site-packages/twisted/internet/tcp.py", line 1336, in startListening
2024-03-13T19:17:39+0000 [stderr#error]     raise CannotListenError(self.interface, self.port, le)
2024-03-13T19:17:39+0000 [stderr#error] twisted.internet.error.CannotListenError: Couldn't listen on 127.0.0.1:6800: [Errno 98] Address already in use.
